<?xml version="1.0" encoding="UTF-8"?>
<testng-results ignored="0" total="9" passed="8" failed="1" skipped="0">
  <reporter-output>
  </reporter-output>
  <suite started-at="2022-07-21T11:25:43Z" name="Facebook Application Test Automation Test Suite" finished-at="2022-07-21T11:26:27Z" duration-ms="44083">
    <groups>
    </groups>
    <test started-at="2022-07-21T11:25:43Z" name="Facebook App Test Cases" finished-at="2022-07-21T11:26:27Z" duration-ms="44083">
      <class name="com.fb.qa.testcases.HomePageTest">
        <test-method is-config="true" signature="setUp()[pri:0, instance:com.fb.qa.testcases.HomePageTest@1ab06251]" started-at="2022-07-21T11:25:46Z" name="setUp" finished-at="2022-07-21T11:25:49Z" duration-ms="2289" status="PASS">
          <reporter-output>
          </reporter-output>
        </test-method> <!-- setUp -->
        <test-method signature="verifyHomePageTitleTest()[pri:1, instance:com.fb.qa.testcases.HomePageTest@1ab06251]" started-at="2022-07-21T11:25:49Z" name="verifyHomePageTitleTest" finished-at="2022-07-21T11:25:54Z" duration-ms="5278" status="FAIL">
          <exception class="java.lang.AssertionError">
            <message>
              <![CDATA[expected [Facebook] but found [Facebook – log in or sign up]]]>
            </message>
            <full-stacktrace>
              <![CDATA[java.lang.AssertionError: expected [Facebook] but found [Facebook – log in or sign up]
at org.testng.Assert.fail(Assert.java:96)
at org.testng.Assert.failNotEquals(Assert.java:776)
at org.testng.Assert.assertEqualsImpl(Assert.java:137)
at org.testng.Assert.assertEquals(Assert.java:118)
at org.testng.Assert.assertEquals(Assert.java:453)
at org.testng.Assert.assertEquals(Assert.java:463)
at com.fb.qa.testcases.HomePageTest.verifyHomePageTitleTest(HomePageTest.java:36)
at java.base/jdk.internal.reflect.NativeMethodAccessorImpl.invoke0(Native Method)
at java.base/jdk.internal.reflect.NativeMethodAccessorImpl.invoke(NativeMethodAccessorImpl.java:77)
at java.base/jdk.internal.reflect.DelegatingMethodAccessorImpl.invoke(DelegatingMethodAccessorImpl.java:43)
at java.base/java.lang.reflect.Method.invoke(Method.java:568)
at org.testng.internal.MethodInvocationHelper.invokeMethod(MethodInvocationHelper.java:124)
at org.testng.internal.Invoker.invokeMethod(Invoker.java:583)
at org.testng.internal.Invoker.invokeTestMethod(Invoker.java:719)
at org.testng.internal.Invoker.invokeTestMethods(Invoker.java:989)
at org.testng.internal.TestMethodWorker.invokeTestMethods(TestMethodWorker.java:125)
at org.testng.internal.TestMethodWorker.run(TestMethodWorker.java:109)
at org.testng.TestRunner.privateRun(TestRunner.java:648)
at org.testng.TestRunner.run(TestRunner.java:505)
at org.testng.SuiteRunner.runTest(SuiteRunner.java:455)
at org.testng.SuiteRunner.runSequentially(SuiteRunner.java:450)
at org.testng.SuiteRunner.privateRun(SuiteRunner.java:415)
at org.testng.SuiteRunner.run(SuiteRunner.java:364)
at org.testng.SuiteRunnerWorker.runSuite(SuiteRunnerWorker.java:52)
at org.testng.SuiteRunnerWorker.run(SuiteRunnerWorker.java:84)
at org.testng.TestNG.runSuitesSequentially(TestNG.java:1208)
at org.testng.TestNG.runSuitesLocally(TestNG.java:1137)
at org.testng.TestNG.runSuites(TestNG.java:1049)
at org.testng.TestNG.run(TestNG.java:1017)
at org.testng.remote.AbstractRemoteTestNG.run(AbstractRemoteTestNG.java:115)
at org.testng.remote.RemoteTestNG.initAndRun(RemoteTestNG.java:251)
at org.testng.remote.RemoteTestNG.main(RemoteTestNG.java:77)
]]>
            </full-stacktrace>
          </exception> <!-- java.lang.AssertionError -->
          <reporter-output>
          </reporter-output>
        </test-method> <!-- verifyHomePageTitleTest -->
        <test-method is-config="true" signature="tearDown()[pri:0, instance:com.fb.qa.testcases.HomePageTest@1ab06251]" started-at="2022-07-21T11:25:54Z" name="tearDown" finished-at="2022-07-21T11:25:54Z" duration-ms="289" status="PASS">
          <reporter-output>
          </reporter-output>
        </test-method> <!-- tearDown -->
        <test-method is-config="true" signature="setUp()[pri:0, instance:com.fb.qa.testcases.HomePageTest@1ab06251]" started-at="2022-07-21T11:25:59Z" name="setUp" finished-at="2022-07-21T11:26:02Z" duration-ms="2188" status="PASS">
          <reporter-output>
          </reporter-output>
        </test-method> <!-- setUp -->
        <test-method signature="verifyUsernameTest()[pri:2, instance:com.fb.qa.testcases.HomePageTest@1ab06251]" started-at="2022-07-21T11:26:02Z" name="verifyUsernameTest" finished-at="2022-07-21T11:26:07Z" duration-ms="4967" status="PASS">
          <reporter-output>
          </reporter-output>
        </test-method> <!-- verifyUsernameTest -->
        <test-method is-config="true" signature="tearDown()[pri:0, instance:com.fb.qa.testcases.HomePageTest@1ab06251]" started-at="2022-07-21T11:26:07Z" name="tearDown" finished-at="2022-07-21T11:26:07Z" duration-ms="297" status="PASS">
          <reporter-output>
          </reporter-output>
        </test-method> <!-- tearDown -->
      </class> <!-- com.fb.qa.testcases.HomePageTest -->
      <class name="com.fb.qa.testcases.SignUpPageTest">
        <test-method is-config="true" signature="setUp()[pri:0, instance:com.fb.qa.testcases.SignUpPageTest@41ab013]" started-at="2022-07-21T11:25:54Z" name="setUp" finished-at="2022-07-21T11:25:56Z" duration-ms="2180" status="PASS">
          <reporter-output>
          </reporter-output>
        </test-method> <!-- setUp -->
        <test-method signature="signUpPageTitleTest()[pri:1, instance:com.fb.qa.testcases.SignUpPageTest@41ab013]" started-at="2022-07-21T11:25:56Z" name="signUpPageTitleTest" finished-at="2022-07-21T11:25:56Z" duration-ms="11" status="PASS">
          <reporter-output>
          </reporter-output>
        </test-method> <!-- signUpPageTitleTest -->
        <test-method is-config="true" signature="tearDown()[pri:0, instance:com.fb.qa.testcases.SignUpPageTest@41ab013]" started-at="2022-07-21T11:25:56Z" name="tearDown" finished-at="2022-07-21T11:25:57Z" duration-ms="313" status="PASS">
          <reporter-output>
          </reporter-output>
        </test-method> <!-- tearDown -->
        <test-method is-config="true" signature="setUp()[pri:0, instance:com.fb.qa.testcases.SignUpPageTest@41ab013]" started-at="2022-07-21T11:26:07Z" name="setUp" finished-at="2022-07-21T11:26:09Z" duration-ms="2209" status="PASS">
          <reporter-output>
          </reporter-output>
        </test-method> <!-- setUp -->
        <test-method signature="SignUpTest()[pri:2, instance:com.fb.qa.testcases.SignUpPageTest@41ab013]" started-at="2022-07-21T11:26:09Z" name="SignUpTest" finished-at="2022-07-21T11:26:10Z" duration-ms="1007" status="PASS">
          <reporter-output>
          </reporter-output>
        </test-method> <!-- SignUpTest -->
        <test-method is-config="true" signature="tearDown()[pri:0, instance:com.fb.qa.testcases.SignUpPageTest@41ab013]" started-at="2022-07-21T11:26:10Z" name="tearDown" finished-at="2022-07-21T11:26:10Z" duration-ms="216" status="PASS">
          <reporter-output>
          </reporter-output>
        </test-method> <!-- tearDown -->
      </class> <!-- com.fb.qa.testcases.SignUpPageTest -->
      <class name="com.fb.qa.testcases.LoginPageTest">
        <test-method is-config="true" signature="setUp()[pri:0, instance:com.fb.qa.testcases.LoginPageTest@3f67593e]" started-at="2022-07-21T11:25:43Z" name="setUp" finished-at="2022-07-21T11:25:46Z" duration-ms="2616" status="PASS">
          <reporter-output>
          </reporter-output>
        </test-method> <!-- setUp -->
        <test-method signature="fbLogoTest()[pri:1, instance:com.fb.qa.testcases.LoginPageTest@3f67593e]" started-at="2022-07-21T11:25:46Z" name="fbLogoTest" description="verifying fbLogo test" finished-at="2022-07-21T11:25:46Z" duration-ms="106" status="PASS">
          <reporter-output>
          </reporter-output>
        </test-method> <!-- fbLogoTest -->
        <test-method is-config="true" signature="tearDown()[pri:0, instance:com.fb.qa.testcases.LoginPageTest@3f67593e]" started-at="2022-07-21T11:25:46Z" name="tearDown" finished-at="2022-07-21T11:25:46Z" duration-ms="265" status="PASS">
          <reporter-output>
          </reporter-output>
        </test-method> <!-- tearDown -->
        <test-method is-config="true" signature="setUp()[pri:0, instance:com.fb.qa.testcases.LoginPageTest@3f67593e]" started-at="2022-07-21T11:25:57Z" name="setUp" finished-at="2022-07-21T11:25:59Z" duration-ms="2252" status="PASS">
          <reporter-output>
          </reporter-output>
        </test-method> <!-- setUp -->
        <test-method signature="loginTest()[pri:2, instance:com.fb.qa.testcases.LoginPageTest@3f67593e]" started-at="2022-07-21T11:25:59Z" name="loginTest" description="verifying the loginTest on Login page" finished-at="2022-07-21T11:25:59Z" duration-ms="217" status="PASS">
          <reporter-output>
          </reporter-output>
        </test-method> <!-- loginTest -->
        <test-method is-config="true" signature="tearDown()[pri:0, instance:com.fb.qa.testcases.LoginPageTest@3f67593e]" started-at="2022-07-21T11:25:59Z" name="tearDown" finished-at="2022-07-21T11:25:59Z" duration-ms="278" status="PASS">
          <reporter-output>
          </reporter-output>
        </test-method> <!-- tearDown -->
        <test-method is-config="true" signature="setUp()[pri:0, instance:com.fb.qa.testcases.LoginPageTest@3f67593e]" started-at="2022-07-21T11:26:11Z" name="setUp" finished-at="2022-07-21T11:26:13Z" duration-ms="1960" status="PASS">
          <reporter-output>
          </reporter-output>
        </test-method> <!-- setUp -->
        <test-method signature="multipleLoginTest(java.lang.String, java.lang.String)[pri:3, instance:com.fb.qa.testcases.LoginPageTest@3f67593e]" started-at="2022-07-21T11:26:13Z" name="multipleLoginTest" description="verifying multiple login using dataprovider test on login page" data-provider="getLoginTestData" finished-at="2022-07-21T11:26:16Z" duration-ms="3191" status="PASS">
          <params>
            <param index="0">
              <value>
                <![CDATA[ajaylad112211@gmail.com]]>
              </value>
            </param>
            <param index="1">
              <value>
                <![CDATA[qwerty@111]]>
              </value>
            </param>
          </params>
          <reporter-output>
          </reporter-output>
        </test-method> <!-- multipleLoginTest -->
        <test-method is-config="true" signature="tearDown()[pri:0, instance:com.fb.qa.testcases.LoginPageTest@3f67593e]" started-at="2022-07-21T11:26:16Z" name="tearDown" finished-at="2022-07-21T11:26:16Z" duration-ms="339" status="PASS">
          <reporter-output>
          </reporter-output>
        </test-method> <!-- tearDown -->
        <test-method is-config="true" signature="setUp()[pri:0, instance:com.fb.qa.testcases.LoginPageTest@3f67593e]" started-at="2022-07-21T11:26:16Z" name="setUp" finished-at="2022-07-21T11:26:18Z" duration-ms="2139" status="PASS">
          <reporter-output>
          </reporter-output>
        </test-method> <!-- setUp -->
        <test-method signature="multipleLoginTest(java.lang.String, java.lang.String)[pri:3, instance:com.fb.qa.testcases.LoginPageTest@3f67593e]" started-at="2022-07-21T11:26:18Z" name="multipleLoginTest" description="verifying multiple login using dataprovider test on login page" data-provider="getLoginTestData" finished-at="2022-07-21T11:26:22Z" duration-ms="3145" status="PASS">
          <params>
            <param index="0">
              <value>
                <![CDATA[ajay1@gmail.com]]>
              </value>
            </param>
            <param index="1">
              <value>
                <![CDATA[qwerty@8411]]>
              </value>
            </param>
          </params>
          <reporter-output>
          </reporter-output>
        </test-method> <!-- multipleLoginTest -->
        <test-method is-config="true" signature="tearDown()[pri:0, instance:com.fb.qa.testcases.LoginPageTest@3f67593e]" started-at="2022-07-21T11:26:22Z" name="tearDown" finished-at="2022-07-21T11:26:22Z" duration-ms="229" status="PASS">
          <reporter-output>
          </reporter-output>
        </test-method> <!-- tearDown -->
        <test-method is-config="true" signature="setUp()[pri:0, instance:com.fb.qa.testcases.LoginPageTest@3f67593e]" started-at="2022-07-21T11:26:22Z" name="setUp" finished-at="2022-07-21T11:26:24Z" duration-ms="2109" status="PASS">
          <reporter-output>
          </reporter-output>
        </test-method> <!-- setUp -->
        <test-method signature="multipleLoginTest(java.lang.String, java.lang.String)[pri:3, instance:com.fb.qa.testcases.LoginPageTest@3f67593e]" started-at="2022-07-21T11:26:24Z" name="multipleLoginTest" description="verifying multiple login using dataprovider test on login page" data-provider="getLoginTestData" finished-at="2022-07-21T11:26:27Z" duration-ms="3179" status="PASS">
          <params>
            <param index="0">
              <value>
                <![CDATA[jayshah11@gmail.com]]>
              </value>
            </param>
            <param index="1">
              <value>
                <![CDATA[qwerty@8311]]>
              </value>
            </param>
          </params>
          <reporter-output>
          </reporter-output>
        </test-method> <!-- multipleLoginTest -->
        <test-method is-config="true" signature="tearDown()[pri:0, instance:com.fb.qa.testcases.LoginPageTest@3f67593e]" started-at="2022-07-21T11:26:27Z" name="tearDown" finished-at="2022-07-21T11:26:27Z" duration-ms="185" status="PASS">
          <reporter-output>
          </reporter-output>
        </test-method> <!-- tearDown -->
      </class> <!-- com.fb.qa.testcases.LoginPageTest -->
    </test> <!-- Facebook App Test Cases -->
  </suite> <!-- Facebook Application Test Automation Test Suite -->
</testng-results>
