<!DOCTYPE html PUBLIC "-//W3C//DTD XHTML 1.1//EN" "http://www.w3.org/TR/xhtml11/DTD/xhtml11.dtd">
<html xmlns="http://www.w3.org/1999/xhtml">
<head>
<meta http-equiv="content-type" content="text/html; charset=UTF-8"/>
<title>TestNG Report</title>
<style type="text/css">table {margin-bottom:10px;border-collapse:collapse;empty-cells:show}th,td {border:1px solid #009;padding:.25em .5em}th {vertical-align:bottom}td {vertical-align:top}table a {font-weight:bold}.stripe td {background-color: #E6EBF9}.num {text-align:right}.passedodd td {background-color: #3F3}.passedeven td {background-color: #0A0}.skippedodd td {background-color: #DDD}.skippedeven td {background-color: #CCC}.failedodd td,.attn {background-color: #F33}.failedeven td,.stripe .attn {background-color: #D00}.stacktrace {white-space:pre;font-family:monospace}.totop {font-size:85%;text-align:center;border-bottom:2px solid #000}.invisible {display:none}</style>
</head>
<body>
<table>
<tr><th>Test</th><th># Passed</th><th># Skipped</th><th># Failed</th><th>Time (ms)</th><th>Included Groups</th><th>Excluded Groups</th></tr>
<tr><th colspan="7">Surefire suite</th></tr>
<tr><td><a href="#t0">Surefire test</a></td><td class="num">9</td><td class="num">0</td><td class="num attn">2</td><td class="num">77,484</td><td></td><td></td></tr>
</table>
<table id='summary'><thead><tr><th>Class</th><th>Method</th><th>Start</th><th>Time (ms)</th></tr></thead><tbody><tr><th colspan="4">Surefire suite</th></tr></tbody><tbody id="t0"><tr><th colspan="4">Surefire test &#8212; failed</th></tr><tr class="failedeven"><td rowspan="1">com.fb.qa.testcases.GroupPageTest</td><td><a href="#m0">VerifyClickOnGroupLink</a></td><td rowspan="1">1658307920158</td><td rowspan="1">5863</td></tr><tr class="failedodd"><td rowspan="1">com.fb.qa.testcases.HomePageTest</td><td><a href="#m1">verifyHomePageTitleTest</a></td><td rowspan="1">1658307907413</td><td rowspan="1">4776</td></tr><tr><th colspan="4">Surefire test &#8212; passed</th></tr><tr class="passedeven"><td rowspan="1">com.fb.qa.testcases.GroupPageTest</td><td><a href="#m2">verifyGrouplabelTest</a></td><td rowspan="1">1658307884861</td><td rowspan="1">15109</td></tr><tr class="passedodd"><td rowspan="1">com.fb.qa.testcases.HomePageTest</td><td><a href="#m3">verifyUsernameTest</a></td><td rowspan="1">1658307928818</td><td rowspan="1">5155</td></tr><tr class="passedeven"><td rowspan="5">com.fb.qa.testcases.LoginPageTest</td><td><a href="#m4">fbLogoTest</a></td><td rowspan="1">1658307914703</td><td rowspan="1">66</td></tr><tr class="passedeven"><td><a href="#m5">loginTest</a></td><td rowspan="1">1658307936425</td><td rowspan="1">327</td></tr><tr class="passedeven"><td><a href="#m6">multipleLoginTest</a></td><td rowspan="3">1658307943648</td><td rowspan="3">3345</td></tr><tr class="passedeven"><td><a href="#m7">multipleLoginTest</a></td></tr><tr class="passedeven"><td><a href="#m8">multipleLoginTest</a></td></tr><tr class="passedodd"><td rowspan="2">com.fb.qa.testcases.SignUpPageTest</td><td><a href="#m9">SignUpTest</a></td><td rowspan="1">1658307939317</td><td rowspan="1">1390</td></tr><tr class="passedodd"><td><a href="#m10">signUpPageTitleTest</a></td><td rowspan="1">1658307917250</td><td rowspan="1">20</td></tr></tbody>
</table>
<h2>Surefire test</h2><h3 id="m0">com.fb.qa.testcases.GroupPageTest#VerifyClickOnGroupLink</h3><table class="result"><tr><th>Exception</th></tr><tr><td><div class="stacktrace">org.openqa.selenium.StaleElementReferenceException: stale element reference: element is not attached to the page document
  (Session info: chrome=103.0.5060.114)
For documentation on this error, please visit: http://seleniumhq.org/exceptions/stale_element_reference.html
Build info: version: &apos;3.14.0&apos;, revision: &apos;aacccce0&apos;, time: &apos;2018-08-02T20:19:58.91Z&apos;
System info: host: &apos;LAPTOP-84D7O3F5&apos;, ip: &apos;192.168.137.141&apos;, os.name: &apos;Windows 10&apos;, os.arch: &apos;amd64&apos;, os.version: &apos;10.0&apos;, java.version: &apos;18.0.1.1&apos;
Driver info: org.openqa.selenium.chrome.ChromeDriver
Capabilities {acceptInsecureCerts: false, browserName: chrome, browserVersion: 103.0.5060.114, chrome: {chromedriverVersion: 103.0.5060.53 (a1711811edd7..., userDataDir: C:\Users\shrim\AppData\Loca...}, goog:chromeOptions: {debuggerAddress: localhost:61960}, javascriptEnabled: true, networkConnectionEnabled: false, pageLoadStrategy: normal, platform: WINDOWS, platformName: WINDOWS, proxy: Proxy(), setWindowRect: true, strictFileInteractability: false, timeouts: {implicit: 0, pageLoad: 300000, script: 30000}, unhandledPromptBehavior: dismiss and notify, webauthn:extension:credBlob: true, webauthn:extension:largeBlob: true, webauthn:virtualAuthenticators: true}
Session ID: 51f293219d862b1bf3d6411281152a46
	at org.openqa.selenium.remote.http.W3CHttpResponseCodec.createException(W3CHttpResponseCodec.java:187)
	at org.openqa.selenium.remote.http.W3CHttpResponseCodec.decode(W3CHttpResponseCodec.java:122)
	at org.openqa.selenium.remote.http.W3CHttpResponseCodec.decode(W3CHttpResponseCodec.java:49)
	at org.openqa.selenium.remote.HttpCommandExecutor.execute(HttpCommandExecutor.java:158)
	at org.openqa.selenium.remote.service.DriverCommandExecutor.execute(DriverCommandExecutor.java:83)
	at org.openqa.selenium.remote.RemoteWebDriver.execute(RemoteWebDriver.java:548)
	at org.openqa.selenium.remote.RemoteWebElement.execute(RemoteWebElement.java:276)
	at org.openqa.selenium.remote.RemoteWebElement.click(RemoteWebElement.java:83)
	at org.openqa.selenium.support.events.EventFiringWebDriver$EventFiringWebElement.lambda$new$0(EventFiringWebDriver.java:403)
	at jdk.proxy2/jdk.proxy2.$Proxy18.click(Unknown Source)
	at org.openqa.selenium.support.events.EventFiringWebDriver$EventFiringWebElement.click(EventFiringWebDriver.java:416)
	at org.openqa.selenium.support.pagefactory.internal.LocatingElementHandler.invoke(LocatingElementHandler.java:51)
	at jdk.proxy2/jdk.proxy2.$Proxy17.click(Unknown Source)
	at com.fb.qa.pages.HomePage.ClickOnGroupsLink(HomePage.java:62)
	at com.fb.qa.testcases.GroupPageTest.VerifyClickOnGroupLink(GroupPageTest.java:39)
... Removed 35 stack frames</div></td></tr></table><p class="totop"><a href="#summary">back to summary</a></p>
<h3 id="m1">com.fb.qa.testcases.HomePageTest#verifyHomePageTitleTest</h3><table class="result"><tr><th>Exception</th></tr><tr><td><div class="stacktrace">java.lang.AssertionError: expected [Facebook] but found [Facebook â€“ log in or sign up]
	at com.fb.qa.testcases.HomePageTest.verifyHomePageTitleTest(HomePageTest.java:36)
... Removed 34 stack frames</div></td></tr></table><p class="totop"><a href="#summary">back to summary</a></p>
<h3 id="m2">com.fb.qa.testcases.GroupPageTest#verifyGrouplabelTest</h3><table class="result"><tr><th class="invisible"/></tr></table><p class="totop"><a href="#summary">back to summary</a></p>
<h3 id="m3">com.fb.qa.testcases.HomePageTest#verifyUsernameTest</h3><table class="result"><tr><th class="invisible"/></tr></table><p class="totop"><a href="#summary">back to summary</a></p>
<h3 id="m4">com.fb.qa.testcases.LoginPageTest#fbLogoTest</h3><table class="result"><tr><th class="invisible"/></tr></table><p class="totop"><a href="#summary">back to summary</a></p>
<h3 id="m5">com.fb.qa.testcases.LoginPageTest#loginTest</h3><table class="result"><tr><th class="invisible"/></tr></table><p class="totop"><a href="#summary">back to summary</a></p>
<h3 id="m6">com.fb.qa.testcases.LoginPageTest#multipleLoginTest</h3><table class="result"><tr class="param"><th>Parameter #1</th><th>Parameter #2</th></tr><tr class="param stripe"><td>ajaylad112211@gmail.com</td><td>qwerty@111</td></tr></table><p class="totop"><a href="#summary">back to summary</a></p>
<h3 id="m7">com.fb.qa.testcases.LoginPageTest#multipleLoginTest</h3><table class="result"><tr class="param"><th>Parameter #1</th><th>Parameter #2</th></tr><tr class="param stripe"><td>jayshah11@gmail.com</td><td>qwerty@8311</td></tr></table><p class="totop"><a href="#summary">back to summary</a></p>
<h3 id="m8">com.fb.qa.testcases.LoginPageTest#multipleLoginTest</h3><table class="result"><tr class="param"><th>Parameter #1</th><th>Parameter #2</th></tr><tr class="param stripe"><td>ajay1@gmail.com</td><td>qwerty@8411</td></tr></table><p class="totop"><a href="#summary">back to summary</a></p>
<h3 id="m9">com.fb.qa.testcases.SignUpPageTest#SignUpTest</h3><table class="result"><tr><th class="invisible"/></tr></table><p class="totop"><a href="#summary">back to summary</a></p>
<h3 id="m10">com.fb.qa.testcases.SignUpPageTest#signUpPageTitleTest</h3><table class="result"><tr><th class="invisible"/></tr></table><p class="totop"><a href="#summary">back to summary</a></p>
</body>
</html>
